<?xml version="1.0" encoding="UTF-8"?>
<!-- Generated by org.testng.reporters.JUnitReportReporter -->
<testsuite hostname="KICHCHABOSS" failures="0" tests="3" name="com.savaransh.testscript.CustomerModule" time="0.015" errors="0" timestamp="2024-03-22T11:52:33 IST" skipped="0">
  <testcase classname="com.savaransh.testscript.CustomerModule" name="modifyCustomer" time="0.004">
    <system-out>
      <![CDATA[modifyCustomer]]>
    </system-out>
  </testcase> <!-- modifyCustomer -->
  <testcase classname="com.savaransh.testscript.CustomerModule" name="createCustomer" time="0.009">
    <system-out>
      <![CDATA[CreateCustomer]]>
    </system-out>
  </testcase> <!-- createCustomer -->
  <testcase classname="com.savaransh.testscript.CustomerModule" name="deleteCustomer" time="0.002">
    <system-out>
      <![CDATA[deleteCustomer]]>
    </system-out>
  </testcase> <!-- deleteCustomer -->
  <system-out>
    <![CDATA[CreateCustomer
deleteCustomer
modifyCustomer]]>
  </system-out>
</testsuite> <!-- com.savaransh.testscript.CustomerModule -->
