<?xml version="1.0" encoding="UTF-8"?>
<!-- Generated by org.testng.reporters.JUnitReportReporter -->
<testsuite hostname="KICHCHABOSS" failures="0" tests="1" name="com.ativas.pom.HomePage$CustomerModule" time="0.030" errors="0" timestamp="2024-03-21T08:18:29 IST" skipped="0">
  <testcase classname="com.ativas.pom.HomePage$CustomerModule" name="createCustomer" time="0.030">
    <system-out>
      <![CDATA[CreateCustomer]]>
    </system-out>
  </testcase> <!-- createCustomer -->
  <system-out>
    <![CDATA[CreateCustomer]]>
  </system-out>
</testsuite> <!-- com.ativas.pom.HomePage$CustomerModule -->
